<?xml version="1.0" encoding="UTF-8"?>
<!-- Generated by org.testng.reporters.JUnitReportReporter -->
<testsuite hostname="TTNPL" failures="0" tests="3" name="task1.MapwithDataProvider" time="0.007" errors="0" timestamp="2021-04-26T17:44:07 IST" skipped="0">
  <testcase classname="task1.MapwithDataProvider" name="Test" time="0.004"/>
  <system-out/>
  <testcase classname="task1.MapwithDataProvider" name="Test" time="0.001"/>
  <system-out/>
  <testcase classname="task1.MapwithDataProvider" name="Test" time="0.002"/>
  <system-out/>
</testsuite> <!-- task1.MapwithDataProvider -->
