<?xml version="1.0" encoding="UTF-8"?>
<!-- Generated by org.testng.reporters.JUnitReportReporter -->
<testsuite hostname="TTNPL" failures="0" tests="3" name="task1.MapwithDataProvider" time="0.006" errors="0" timestamp="2021-04-26T17:25:54 IST" skipped="0">
  <testcase classname="task1.MapwithDataProvider" name="Test" time="0.006"/>
  <system-out/>
  <testcase classname="task1.MapwithDataProvider" name="Test" time="0.000"/>
  <system-out/>
  <testcase classname="task1.MapwithDataProvider" name="Test" time="0.000"/>
  <system-out/>
</testsuite> <!-- task1.MapwithDataProvider -->
