<?xml version="1.0" encoding="UTF-8"?>
<!-- Generated by org.testng.reporters.JUnitReportReporter -->
<testsuite hostname="TTNPL" failures="0" tests="1" name="task2.ConsoleLog" time="5.256" errors="0" timestamp="2021-04-26T17:21:19 IST" skipped="0">
  <testcase classname="task2.ConsoleLog" name="readConsoleLogs" time="5.256"/>
  <system-out/>
</testsuite> <!-- task2.ConsoleLog -->
